<?xml version="1.0" encoding="UTF-8"?>
<!-- Generated by org.testng.reporters.JUnitReportReporter -->
<testsuite hostname="DESKTOP-UDR276I" name="com.TestNG.Annotation1" tests="3" failures="0" timestamp="11 Nov 2017 05:17:08 GMT" time="0.023" errors="0">
  <testcase name="ComposeMail" time="0.002" classname="com.TestNG.Annotation1"/>
  <testcase name="LogIn" time="0.002" classname="com.TestNG.Annotation1"/>
  <testcase name="BrowserLaunch" time="0.019" classname="com.TestNG.Annotation1"/>
</testsuite> <!-- com.TestNG.Annotation1 -->
