<?xml version="1.0" encoding="UTF-8"?>
<!-- Generated by org.testng.reporters.JUnitReportReporter -->
<testsuite hostname="DESKTOP-UDR276I" name="com.TestNGNewToursApplication.LogINTest" tests="1" failures="0" timestamp="11 Nov 2017 10:41:03 GMT" time="8.188" errors="0">
  <testcase name="LogInTest" time="8.188" classname="com.TestNGNewToursApplication.LogINTest"/>
</testsuite> <!-- com.TestNGNewToursApplication.LogINTest -->
