<?xml version="1.0" encoding="UTF-8"?>
<!-- Generated by org.testng.reporters.JUnitReportReporter -->
<testsuite hostname="DESKTOP-UDR276I" name="com.TestNG.Annotations2" tests="2" failures="0" timestamp="11 Nov 2017 05:21:24 GMT" time="0.011" errors="0">
  <testcase name="InBox" time="0.003" classname="com.TestNG.Annotations2"/>
  <testcase name="logIn" time="0.008" classname="com.TestNG.Annotations2"/>
</testsuite> <!-- com.TestNG.Annotations2 -->
