<?xml version="1.0" encoding="UTF-8"?>
<!-- Generated by org.testng.reporters.JUnitReportReporter -->
<testsuite hostname="DESKTOP-UDR276I" name="com.DataDriven.NewTours_UserResitration_Excel" tests="2" failures="0" timestamp="18 Nov 2017 03:48:41 GMT" time="29.958" errors="0">
  <testcase name="UserRegistration" time="29.670" classname="com.DataDriven.NewTours_UserResitration_Excel"/>
  <testcase name="Register" time="0.288" classname="com.DataDriven.NewTours_UserResitration_Excel"/>
</testsuite> <!-- com.DataDriven.NewTours_UserResitration_Excel -->
