<?xml version="1.0" encoding="UTF-8"?>
<!-- Generated by org.testng.reporters.JUnitReportReporter -->
<testsuite hostname="DESKTOP-UDR276I" name="com.Keyword.NewToursLogInTest" tests="1" failures="0" timestamp="18 Nov 2017 03:48:41 GMT" time="3.962" errors="0">
  <testcase name="LogIn" time="3.962" classname="com.Keyword.NewToursLogInTest"/>
</testsuite> <!-- com.Keyword.NewToursLogInTest -->
