<?xml version="1.0" encoding="UTF-8"?>
<!-- Generated by org.testng.reporters.JUnitReportReporter -->
<testsuite hostname="DESKTOP-UDR276I" name="com.POM.NewToursApplicationHomePage" tests="1" failures="0" timestamp="18 Nov 2017 03:48:41 GMT" time="38.812" errors="0">
  <testcase name="NewToursHomePage" time="38.812" classname="com.POM.NewToursApplicationHomePage"/>
</testsuite> <!-- com.POM.NewToursApplicationHomePage -->
