<?xml version="1.0" encoding="UTF-8"?>
<!-- Generated by org.testng.reporters.JUnitReportReporter -->
<testsuite hostname="DESKTOP-UDR276I" name="com.TestNG.Annotation3" tests="2" failures="0" timestamp="11 Nov 2017 05:24:06 GMT" time="0.023" errors="0">
  <testcase name="InBox" time="0.014" classname="com.TestNG.Annotation3"/>
  <testcase name="logIn" time="0.009" classname="com.TestNG.Annotation3"/>
</testsuite> <!-- com.TestNG.Annotation3 -->
