<?xml version="1.0" encoding="UTF-8"?>
<!-- Generated by org.testng.reporters.JUnitReportReporter -->
<testsuite hostname="DESKTOP-UDR276I" name="com.HybridFramework.NewToursLoginTest" tests="2" failures="0" timestamp="16 Nov 2017 17:09:18 GMT" time="35.225" errors="0">
  <testcase name="Register" time="10.414" classname="com.HybridFramework.NewToursLoginTest"/>
  <testcase name="UserRegistration" time="24.811" classname="com.HybridFramework.NewToursLoginTest"/>
</testsuite> <!-- com.HybridFramework.NewToursLoginTest -->
