<?xml version="1.0" encoding="UTF-8"?>
<!-- Generated by org.testng.reporters.JUnitReportReporter -->
<testsuite hostname="DESKTOP-8MAQID4" name="com.DataDriver_kuldeep.NewTours_NewRegistration" tests="2" failures="2" timestamp="23 Nov 2018 12:51:37 GMT" time="0.005" errors="0">
  <testcase name="register" time="0.004" classname="com.DataDriver_kuldeep.NewTours_NewRegistration">
    <failure type="org.openqa.selenium.WebDriverException" message="Failed to connect to binary FirefoxBinary(C:\Program Files\Mozilla Firefox\firefox.exe) on port 7055; process output follows: 
r
1542977452929	addons.manager	DEBUG	Starting provider: LightweightThemeManager
1542977452929	addons.manager	DEBUG	Registering shutdown blocker for LightweightThemeManager
1542977452929	addons.manager	DEBUG	Provider finished startup: LightweightThemeManager
1542977452930	addons.manager	DEBUG	Starting provider: GMPProvider
1542977452931	addons.manager	DEBUG	Registering shutdown blocker for GMPProvider
1542977452931	addons.manager	DEBUG	Provider finished startup: GMPProvider
1542977452931	addons.manager	DEBUG	Starting provider: PluginProvider
1542977452931	addons.manager	DEBUG	Registering shutdown blocker for PluginProvider
1542977452932	addons.manager	DEBUG	Provider finished startup: PluginProvider
1542977452935	addons.manager	DEBUG	Completed startup sequence
1542977454525	addons.xpi-utils	DEBUG	Starting async load of XPI database C:\Users\hp\AppData\Local\Temp\anonymous3336802449717300137webdriver-profile\extensions.json
1542977454551	addons.xpi	DEBUG	Ignoring file: name is not a valid add-on ID: C:\Users\hp\AppData\Local\Temp\anonymous3336802449717300137webdriver-profile\extensions\webdriver-staging
1542977454553	addons.xpi	DEBUG	Existing add-on aushelper@mozilla.org in app-system-defaults
1542977454553	addons.xpi	DEBUG	Existing add-on firefox@getpocket.com in app-system-defaults
1542977454553	addons.xpi	DEBUG	Existing add-on formautofill@mozilla.org in app-system-defaults
1542977454554	addons.xpi	DEBUG	Existing add-on onboarding@mozilla.org in app-system-defaults
1542977454554	addons.xpi	DEBUG	Existing add-on screenshots@mozilla.org in app-system-defaults
1542977454554	addons.xpi	DEBUG	Existing add-on webcompat-reporter@mozilla.org in app-system-defaults
1542977454554	addons.xpi	DEBUG	Existing add-on webcompat@mozilla.org in app-system-defaults
1542977454555	addons.xpi	DEBUG	scanForChanges changed: false, state: {}
1542977454629	addons.xpi-utils	DEBUG	Finished async read of XPI database, parsing...
*** Blocklist::_loadFileInternal: blocklist is disabled
1542977455080	addons.xpi-utils	DEBUG	Successfully read XPI database
1542977463538	addons.manager	DEBUG	Registering upgrade listener for formautofill@mozilla.org
1542977467525	addons.xpi	DEBUG	Calling bootstrap method shutdown on webcompat@mozilla.org version 2.0.1
1542977467525	addons.xpi	DEBUG	Calling bootstrap method shutdown on webcompat-reporter@mozilla.org version 1.0.0
1542977467526	addons.xpi	DEBUG	Calling bootstrap method shutdown on screenshots@mozilla.org version 33.0.0
1542977467534	addons.xpi	DEBUG	Calling bootstrap method shutdown on onboarding@mozilla.org version 1.0
1542977467535	addons.xpi	DEBUG	Calling bootstrap method shutdown on formautofill@mozilla.org version 1.0
1542977467551	addons.xpi	DEBUG	Calling bootstrap method shutdown on firefox@getpocket.com version 1.0.5
1542977467551	addons.xpi	DEBUG	Calling bootstrap method shutdown on aushelper@mozilla.org version 2.0
[Parent 5868, Gecko_IOThread] WARNING: pipe error: 109: file z:/build/build/src/ipc/chromium/src/chrome/common/ipc_channel_win.cc, line 346
[Parent 5868, Gecko_IOThread] WARNING: pipe error: 109: file z:/build/build/src/ipc/chromium/src/chrome/common/ipc_channel_win.cc, line 346
[Parent 5868, Gecko_IOThread] WARNING: pipe error: 109: file z:/build/build/src/ipc/chromium/src/chrome/common/ipc_channel_win.cc, line 346
1542977470548	addons.manager	DEBUG	shutdown
1542977470549	addons.manager	DEBUG	Calling shutdown blocker for XPIProvider
1542977470549	addons.xpi	DEBUG	shutdown
1542977470558	addons.xpi-utils	DEBUG	shutdown
1542977470559	addons.manager	DEBUG	Calling shutdown blocker for LightweightThemeManager
1542977470559	addons.manager	DEBUG	Calling shutdown blocker for GMPProvider
1542977470559	addons.manager	DEBUG	Calling shutdown blocker for PluginProvider
1542977470563	addons.manager	DEBUG	Async provider shutdown done
[GPU 11648, Chrome_ChildThread] WARNING: pipe error: 109: file z:/build/build/src/ipc/chromium/src/chrome/common/ipc_channel_win.cc, line 346

###!!! [Child][MessageChannel::SendAndWait] Error: Channel error: cannot send/recv


Build info: version: &#039;2.28.0&#039;, revision: &#039;18309&#039;, time: &#039;2012-12-11 20:21:45&#039;
System info: os.name: &#039;Windows 10&#039;, os.arch: &#039;amd64&#039;, os.version: &#039;10.0&#039;, java.version: &#039;1.8.0_151&#039;
Driver info: driver.version: FirefoxDriver">
      <![CDATA[org.openqa.selenium.WebDriverException: Failed to connect to binary FirefoxBinary(C:\Program Files\Mozilla Firefox\firefox.exe) on port 7055; process output follows: 
r
1542977452929	addons.manager	DEBUG	Starting provider: LightweightThemeManager
1542977452929	addons.manager	DEBUG	Registering shutdown blocker for LightweightThemeManager
1542977452929	addons.manager	DEBUG	Provider finished startup: LightweightThemeManager
1542977452930	addons.manager	DEBUG	Starting provider: GMPProvider
1542977452931	addons.manager	DEBUG	Registering shutdown blocker for GMPProvider
1542977452931	addons.manager	DEBUG	Provider finished startup: GMPProvider
1542977452931	addons.manager	DEBUG	Starting provider: PluginProvider
1542977452931	addons.manager	DEBUG	Registering shutdown blocker for PluginProvider
1542977452932	addons.manager	DEBUG	Provider finished startup: PluginProvider
1542977452935	addons.manager	DEBUG	Completed startup sequence
1542977454525	addons.xpi-utils	DEBUG	Starting async load of XPI database C:\Users\hp\AppData\Local\Temp\anonymous3336802449717300137webdriver-profile\extensions.json
1542977454551	addons.xpi	DEBUG	Ignoring file: name is not a valid add-on ID: C:\Users\hp\AppData\Local\Temp\anonymous3336802449717300137webdriver-profile\extensions\webdriver-staging
1542977454553	addons.xpi	DEBUG	Existing add-on aushelper@mozilla.org in app-system-defaults
1542977454553	addons.xpi	DEBUG	Existing add-on firefox@getpocket.com in app-system-defaults
1542977454553	addons.xpi	DEBUG	Existing add-on formautofill@mozilla.org in app-system-defaults
1542977454554	addons.xpi	DEBUG	Existing add-on onboarding@mozilla.org in app-system-defaults
1542977454554	addons.xpi	DEBUG	Existing add-on screenshots@mozilla.org in app-system-defaults
1542977454554	addons.xpi	DEBUG	Existing add-on webcompat-reporter@mozilla.org in app-system-defaults
1542977454554	addons.xpi	DEBUG	Existing add-on webcompat@mozilla.org in app-system-defaults
1542977454555	addons.xpi	DEBUG	scanForChanges changed: false, state: {}
1542977454629	addons.xpi-utils	DEBUG	Finished async read of XPI database, parsing...
*** Blocklist::_loadFileInternal: blocklist is disabled
1542977455080	addons.xpi-utils	DEBUG	Successfully read XPI database
1542977463538	addons.manager	DEBUG	Registering upgrade listener for formautofill@mozilla.org
1542977467525	addons.xpi	DEBUG	Calling bootstrap method shutdown on webcompat@mozilla.org version 2.0.1
1542977467525	addons.xpi	DEBUG	Calling bootstrap method shutdown on webcompat-reporter@mozilla.org version 1.0.0
1542977467526	addons.xpi	DEBUG	Calling bootstrap method shutdown on screenshots@mozilla.org version 33.0.0
1542977467534	addons.xpi	DEBUG	Calling bootstrap method shutdown on onboarding@mozilla.org version 1.0
1542977467535	addons.xpi	DEBUG	Calling bootstrap method shutdown on formautofill@mozilla.org version 1.0
1542977467551	addons.xpi	DEBUG	Calling bootstrap method shutdown on firefox@getpocket.com version 1.0.5
1542977467551	addons.xpi	DEBUG	Calling bootstrap method shutdown on aushelper@mozilla.org version 2.0
[Parent 5868, Gecko_IOThread] WARNING: pipe error: 109: file z:/build/build/src/ipc/chromium/src/chrome/common/ipc_channel_win.cc, line 346
[Parent 5868, Gecko_IOThread] WARNING: pipe error: 109: file z:/build/build/src/ipc/chromium/src/chrome/common/ipc_channel_win.cc, line 346
[Parent 5868, Gecko_IOThread] WARNING: pipe error: 109: file z:/build/build/src/ipc/chromium/src/chrome/common/ipc_channel_win.cc, line 346
1542977470548	addons.manager	DEBUG	shutdown
1542977470549	addons.manager	DEBUG	Calling shutdown blocker for XPIProvider
1542977470549	addons.xpi	DEBUG	shutdown
1542977470558	addons.xpi-utils	DEBUG	shutdown
1542977470559	addons.manager	DEBUG	Calling shutdown blocker for LightweightThemeManager
1542977470559	addons.manager	DEBUG	Calling shutdown blocker for GMPProvider
1542977470559	addons.manager	DEBUG	Calling shutdown blocker for PluginProvider
1542977470563	addons.manager	DEBUG	Async provider shutdown done
[GPU 11648, Chrome_ChildThread] WARNING: pipe error: 109: file z:/build/build/src/ipc/chromium/src/chrome/common/ipc_channel_win.cc, line 346

###!!! [Child][MessageChannel::SendAndWait] Error: Channel error: cannot send/recv


Build info: version: '2.28.0', revision: '18309', time: '2012-12-11 20:21:45'
System info: os.name: 'Windows 10', os.arch: 'amd64', os.version: '10.0', java.version: '1.8.0_151'
Driver info: driver.version: FirefoxDriver
	at org.openqa.selenium.firefox.internal.NewProfileExtensionConnection.start(NewProfileExtensionConnection.java:118)
	at org.openqa.selenium.firefox.FirefoxDriver.startClient(FirefoxDriver.java:244)
	at org.openqa.selenium.remote.RemoteWebDriver.<init>(RemoteWebDriver.java:110)
	at org.openqa.selenium.firefox.FirefoxDriver.<init>(FirefoxDriver.java:190)
	at org.openqa.selenium.firefox.FirefoxDriver.<init>(FirefoxDriver.java:183)
	at org.openqa.selenium.firefox.FirefoxDriver.<init>(FirefoxDriver.java:179)
	at org.openqa.selenium.firefox.FirefoxDriver.<init>(FirefoxDriver.java:92)
	at com.DataDriver_kuldeep.NewTours_NewRegistration.setup(NewTours_NewRegistration.java:13)
	at sun.reflect.NativeMethodAccessorImpl.invoke0(Native Method)
	at sun.reflect.NativeMethodAccessorImpl.invoke(Unknown Source)
	at sun.reflect.DelegatingMethodAccessorImpl.invoke(Unknown Source)
	at java.lang.reflect.Method.invoke(Unknown Source)
	at org.testng.internal.MethodInvocationHelper.invokeMethod(MethodInvocationHelper.java:80)
	at org.testng.internal.Invoker.invokeConfigurationMethod(Invoker.java:551)
	at org.testng.internal.Invoker.invokeConfigurations(Invoker.java:213)
	at org.testng.internal.Invoker.invokeConfigurations(Invoker.java:138)
	at org.testng.TestRunner.beforeRun(TestRunner.java:641)
	at org.testng.TestRunner.run(TestRunner.java:609)
	at org.testng.SuiteRunner.runTest(SuiteRunner.java:334)
	at org.testng.SuiteRunner.runSequentially(SuiteRunner.java:329)
	at org.testng.SuiteRunner.privateRun(SuiteRunner.java:291)
	at org.testng.SuiteRunner.run(SuiteRunner.java:240)
	at org.testng.SuiteRunnerWorker.runSuite(SuiteRunnerWorker.java:53)
	at org.testng.SuiteRunnerWorker.run(SuiteRunnerWorker.java:87)
	at org.testng.TestNG.runSuitesSequentially(TestNG.java:1188)
	at org.testng.TestNG.runSuitesLocally(TestNG.java:1113)
	at org.testng.TestNG.run(TestNG.java:1025)
	at org.testng.remote.AbstractRemoteTestNG.run(AbstractRemoteTestNG.java:114)
	at org.testng.remote.RemoteTestNG.initAndRun(RemoteTestNG.java:251)
	at org.testng.remote.RemoteTestNG.main(RemoteTestNG.java:77)
Caused by: org.openqa.selenium.firefox.NotConnectedException: Unable to connect to host 127.0.0.1 on port 7055 after 45000 ms. Firefox console output:
r
1542977452929	addons.manager	DEBUG	Starting provider: LightweightThemeManager
1542977452929	addons.manager	DEBUG	Registering shutdown blocker for LightweightThemeManager
1542977452929	addons.manager	DEBUG	Provider finished startup: LightweightThemeManager
1542977452930	addons.manager	DEBUG	Starting provider: GMPProvider
1542977452931	addons.manager	DEBUG	Registering shutdown blocker for GMPProvider
1542977452931	addons.manager	DEBUG	Provider finished startup: GMPProvider
1542977452931	addons.manager	DEBUG	Starting provider: PluginProvider
1542977452931	addons.manager	DEBUG	Registering shutdown blocker for PluginProvider
1542977452932	addons.manager	DEBUG	Provider finished startup: PluginProvider
1542977452935	addons.manager	DEBUG	Completed startup sequence
1542977454525	addons.xpi-utils	DEBUG	Starting async load of XPI database C:\Users\hp\AppData\Local\Temp\anonymous3336802449717300137webdriver-profile\extensions.json
1542977454551	addons.xpi	DEBUG	Ignoring file: name is not a valid add-on ID: C:\Users\hp\AppData\Local\Temp\anonymous3336802449717300137webdriver-profile\extensions\webdriver-staging
1542977454553	addons.xpi	DEBUG	Existing add-on aushelper@mozilla.org in app-system-defaults
1542977454553	addons.xpi	DEBUG	Existing add-on firefox@getpocket.com in app-system-defaults
1542977454553	addons.xpi	DEBUG	Existing add-on formautofill@mozilla.org in app-system-defaults
1542977454554	addons.xpi	DEBUG	Existing add-on onboarding@mozilla.org in app-system-defaults
1542977454554	addons.xpi	DEBUG	Existing add-on screenshots@mozilla.org in app-system-defaults
1542977454554	addons.xpi	DEBUG	Existing add-on webcompat-reporter@mozilla.org in app-system-defaults
1542977454554	addons.xpi	DEBUG	Existing add-on webcompat@mozilla.org in app-system-defaults
1542977454555	addons.xpi	DEBUG	scanForChanges changed: false, state: {}
1542977454629	addons.xpi-utils	DEBUG	Finished async read of XPI database, parsing...
*** Blocklist::_loadFileInternal: blocklist is disabled
1542977455080	addons.xpi-utils	DEBUG	Successfully read XPI database
1542977463538	addons.manager	DEBUG	Registering upgrade listener for formautofill@mozilla.org
1542977467525	addons.xpi	DEBUG	Calling bootstrap method shutdown on webcompat@mozilla.org version 2.0.1
1542977467525	addons.xpi	DEBUG	Calling bootstrap method shutdown on webcompat-reporter@mozilla.org version 1.0.0
1542977467526	addons.xpi	DEBUG	Calling bootstrap method shutdown on screenshots@mozilla.org version 33.0.0
1542977467534	addons.xpi	DEBUG	Calling bootstrap method shutdown on onboarding@mozilla.org version 1.0
1542977467535	addons.xpi	DEBUG	Calling bootstrap method shutdown on formautofill@mozilla.org version 1.0
1542977467551	addons.xpi	DEBUG	Calling bootstrap method shutdown on firefox@getpocket.com version 1.0.5
1542977467551	addons.xpi	DEBUG	Calling bootstrap method shutdown on aushelper@mozilla.org version 2.0
[Parent 5868, Gecko_IOThread] WARNING: pipe error: 109: file z:/build/build/src/ipc/chromium/src/chrome/common/ipc_channel_win.cc, line 346
[Parent 5868, Gecko_IOThread] WARNING: pipe error: 109: file z:/build/build/src/ipc/chromium/src/chrome/common/ipc_channel_win.cc, line 346
[Parent 5868, Gecko_IOThread] WARNING: pipe error: 109: file z:/build/build/src/ipc/chromium/src/chrome/common/ipc_channel_win.cc, line 346
1542977470548	addons.manager	DEBUG	shutdown
1542977470549	addons.manager	DEBUG	Calling shutdown blocker for XPIProvider
1542977470549	addons.xpi	DEBUG	shutdown
1542977470558	addons.xpi-utils	DEBUG	shutdown
1542977470559	addons.manager	DEBUG	Calling shutdown blocker for LightweightThemeManager
1542977470559	addons.manager	DEBUG	Calling shutdown blocker for GMPProvider
1542977470559	addons.manager	DEBUG	Calling shutdown blocker for PluginProvider
1542977470563	addons.manager	DEBUG	Async provider shutdown done
[GPU 11648, Chrome_ChildThread] WARNING: pipe error: 109: file z:/build/build/src/ipc/chromium/src/chrome/common/ipc_channel_win.cc, line 346

###!!! [Child][MessageChannel::SendAndWait] Error: Channel error: cannot send/recv


	at org.openqa.selenium.firefox.internal.NewProfileExtensionConnection.start(NewProfileExtensionConnection.java:106)
	... 29 more
]]>
    </failure>
  </testcase> <!-- register -->
  <testcase name="registration" time="0.001" classname="com.DataDriver_kuldeep.NewTours_NewRegistration">
    <failure type="org.openqa.selenium.WebDriverException" message="Failed to connect to binary FirefoxBinary(C:\Program Files\Mozilla Firefox\firefox.exe) on port 7055; process output follows: 
r
1542977452929	addons.manager	DEBUG	Starting provider: LightweightThemeManager
1542977452929	addons.manager	DEBUG	Registering shutdown blocker for LightweightThemeManager
1542977452929	addons.manager	DEBUG	Provider finished startup: LightweightThemeManager
1542977452930	addons.manager	DEBUG	Starting provider: GMPProvider
1542977452931	addons.manager	DEBUG	Registering shutdown blocker for GMPProvider
1542977452931	addons.manager	DEBUG	Provider finished startup: GMPProvider
1542977452931	addons.manager	DEBUG	Starting provider: PluginProvider
1542977452931	addons.manager	DEBUG	Registering shutdown blocker for PluginProvider
1542977452932	addons.manager	DEBUG	Provider finished startup: PluginProvider
1542977452935	addons.manager	DEBUG	Completed startup sequence
1542977454525	addons.xpi-utils	DEBUG	Starting async load of XPI database C:\Users\hp\AppData\Local\Temp\anonymous3336802449717300137webdriver-profile\extensions.json
1542977454551	addons.xpi	DEBUG	Ignoring file: name is not a valid add-on ID: C:\Users\hp\AppData\Local\Temp\anonymous3336802449717300137webdriver-profile\extensions\webdriver-staging
1542977454553	addons.xpi	DEBUG	Existing add-on aushelper@mozilla.org in app-system-defaults
1542977454553	addons.xpi	DEBUG	Existing add-on firefox@getpocket.com in app-system-defaults
1542977454553	addons.xpi	DEBUG	Existing add-on formautofill@mozilla.org in app-system-defaults
1542977454554	addons.xpi	DEBUG	Existing add-on onboarding@mozilla.org in app-system-defaults
1542977454554	addons.xpi	DEBUG	Existing add-on screenshots@mozilla.org in app-system-defaults
1542977454554	addons.xpi	DEBUG	Existing add-on webcompat-reporter@mozilla.org in app-system-defaults
1542977454554	addons.xpi	DEBUG	Existing add-on webcompat@mozilla.org in app-system-defaults
1542977454555	addons.xpi	DEBUG	scanForChanges changed: false, state: {}
1542977454629	addons.xpi-utils	DEBUG	Finished async read of XPI database, parsing...
*** Blocklist::_loadFileInternal: blocklist is disabled
1542977455080	addons.xpi-utils	DEBUG	Successfully read XPI database
1542977463538	addons.manager	DEBUG	Registering upgrade listener for formautofill@mozilla.org
1542977467525	addons.xpi	DEBUG	Calling bootstrap method shutdown on webcompat@mozilla.org version 2.0.1
1542977467525	addons.xpi	DEBUG	Calling bootstrap method shutdown on webcompat-reporter@mozilla.org version 1.0.0
1542977467526	addons.xpi	DEBUG	Calling bootstrap method shutdown on screenshots@mozilla.org version 33.0.0
1542977467534	addons.xpi	DEBUG	Calling bootstrap method shutdown on onboarding@mozilla.org version 1.0
1542977467535	addons.xpi	DEBUG	Calling bootstrap method shutdown on formautofill@mozilla.org version 1.0
1542977467551	addons.xpi	DEBUG	Calling bootstrap method shutdown on firefox@getpocket.com version 1.0.5
1542977467551	addons.xpi	DEBUG	Calling bootstrap method shutdown on aushelper@mozilla.org version 2.0
[Parent 5868, Gecko_IOThread] WARNING: pipe error: 109: file z:/build/build/src/ipc/chromium/src/chrome/common/ipc_channel_win.cc, line 346
[Parent 5868, Gecko_IOThread] WARNING: pipe error: 109: file z:/build/build/src/ipc/chromium/src/chrome/common/ipc_channel_win.cc, line 346
[Parent 5868, Gecko_IOThread] WARNING: pipe error: 109: file z:/build/build/src/ipc/chromium/src/chrome/common/ipc_channel_win.cc, line 346
1542977470548	addons.manager	DEBUG	shutdown
1542977470549	addons.manager	DEBUG	Calling shutdown blocker for XPIProvider
1542977470549	addons.xpi	DEBUG	shutdown
1542977470558	addons.xpi-utils	DEBUG	shutdown
1542977470559	addons.manager	DEBUG	Calling shutdown blocker for LightweightThemeManager
1542977470559	addons.manager	DEBUG	Calling shutdown blocker for GMPProvider
1542977470559	addons.manager	DEBUG	Calling shutdown blocker for PluginProvider
1542977470563	addons.manager	DEBUG	Async provider shutdown done
[GPU 11648, Chrome_ChildThread] WARNING: pipe error: 109: file z:/build/build/src/ipc/chromium/src/chrome/common/ipc_channel_win.cc, line 346

###!!! [Child][MessageChannel::SendAndWait] Error: Channel error: cannot send/recv


Build info: version: &#039;2.28.0&#039;, revision: &#039;18309&#039;, time: &#039;2012-12-11 20:21:45&#039;
System info: os.name: &#039;Windows 10&#039;, os.arch: &#039;amd64&#039;, os.version: &#039;10.0&#039;, java.version: &#039;1.8.0_151&#039;
Driver info: driver.version: FirefoxDriver">
      <![CDATA[org.openqa.selenium.WebDriverException: Failed to connect to binary FirefoxBinary(C:\Program Files\Mozilla Firefox\firefox.exe) on port 7055; process output follows: 
r
1542977452929	addons.manager	DEBUG	Starting provider: LightweightThemeManager
1542977452929	addons.manager	DEBUG	Registering shutdown blocker for LightweightThemeManager
1542977452929	addons.manager	DEBUG	Provider finished startup: LightweightThemeManager
1542977452930	addons.manager	DEBUG	Starting provider: GMPProvider
1542977452931	addons.manager	DEBUG	Registering shutdown blocker for GMPProvider
1542977452931	addons.manager	DEBUG	Provider finished startup: GMPProvider
1542977452931	addons.manager	DEBUG	Starting provider: PluginProvider
1542977452931	addons.manager	DEBUG	Registering shutdown blocker for PluginProvider
1542977452932	addons.manager	DEBUG	Provider finished startup: PluginProvider
1542977452935	addons.manager	DEBUG	Completed startup sequence
1542977454525	addons.xpi-utils	DEBUG	Starting async load of XPI database C:\Users\hp\AppData\Local\Temp\anonymous3336802449717300137webdriver-profile\extensions.json
1542977454551	addons.xpi	DEBUG	Ignoring file: name is not a valid add-on ID: C:\Users\hp\AppData\Local\Temp\anonymous3336802449717300137webdriver-profile\extensions\webdriver-staging
1542977454553	addons.xpi	DEBUG	Existing add-on aushelper@mozilla.org in app-system-defaults
1542977454553	addons.xpi	DEBUG	Existing add-on firefox@getpocket.com in app-system-defaults
1542977454553	addons.xpi	DEBUG	Existing add-on formautofill@mozilla.org in app-system-defaults
1542977454554	addons.xpi	DEBUG	Existing add-on onboarding@mozilla.org in app-system-defaults
1542977454554	addons.xpi	DEBUG	Existing add-on screenshots@mozilla.org in app-system-defaults
1542977454554	addons.xpi	DEBUG	Existing add-on webcompat-reporter@mozilla.org in app-system-defaults
1542977454554	addons.xpi	DEBUG	Existing add-on webcompat@mozilla.org in app-system-defaults
1542977454555	addons.xpi	DEBUG	scanForChanges changed: false, state: {}
1542977454629	addons.xpi-utils	DEBUG	Finished async read of XPI database, parsing...
*** Blocklist::_loadFileInternal: blocklist is disabled
1542977455080	addons.xpi-utils	DEBUG	Successfully read XPI database
1542977463538	addons.manager	DEBUG	Registering upgrade listener for formautofill@mozilla.org
1542977467525	addons.xpi	DEBUG	Calling bootstrap method shutdown on webcompat@mozilla.org version 2.0.1
1542977467525	addons.xpi	DEBUG	Calling bootstrap method shutdown on webcompat-reporter@mozilla.org version 1.0.0
1542977467526	addons.xpi	DEBUG	Calling bootstrap method shutdown on screenshots@mozilla.org version 33.0.0
1542977467534	addons.xpi	DEBUG	Calling bootstrap method shutdown on onboarding@mozilla.org version 1.0
1542977467535	addons.xpi	DEBUG	Calling bootstrap method shutdown on formautofill@mozilla.org version 1.0
1542977467551	addons.xpi	DEBUG	Calling bootstrap method shutdown on firefox@getpocket.com version 1.0.5
1542977467551	addons.xpi	DEBUG	Calling bootstrap method shutdown on aushelper@mozilla.org version 2.0
[Parent 5868, Gecko_IOThread] WARNING: pipe error: 109: file z:/build/build/src/ipc/chromium/src/chrome/common/ipc_channel_win.cc, line 346
[Parent 5868, Gecko_IOThread] WARNING: pipe error: 109: file z:/build/build/src/ipc/chromium/src/chrome/common/ipc_channel_win.cc, line 346
[Parent 5868, Gecko_IOThread] WARNING: pipe error: 109: file z:/build/build/src/ipc/chromium/src/chrome/common/ipc_channel_win.cc, line 346
1542977470548	addons.manager	DEBUG	shutdown
1542977470549	addons.manager	DEBUG	Calling shutdown blocker for XPIProvider
1542977470549	addons.xpi	DEBUG	shutdown
1542977470558	addons.xpi-utils	DEBUG	shutdown
1542977470559	addons.manager	DEBUG	Calling shutdown blocker for LightweightThemeManager
1542977470559	addons.manager	DEBUG	Calling shutdown blocker for GMPProvider
1542977470559	addons.manager	DEBUG	Calling shutdown blocker for PluginProvider
1542977470563	addons.manager	DEBUG	Async provider shutdown done
[GPU 11648, Chrome_ChildThread] WARNING: pipe error: 109: file z:/build/build/src/ipc/chromium/src/chrome/common/ipc_channel_win.cc, line 346

###!!! [Child][MessageChannel::SendAndWait] Error: Channel error: cannot send/recv


Build info: version: '2.28.0', revision: '18309', time: '2012-12-11 20:21:45'
System info: os.name: 'Windows 10', os.arch: 'amd64', os.version: '10.0', java.version: '1.8.0_151'
Driver info: driver.version: FirefoxDriver
	at org.openqa.selenium.firefox.internal.NewProfileExtensionConnection.start(NewProfileExtensionConnection.java:118)
	at org.openqa.selenium.firefox.FirefoxDriver.startClient(FirefoxDriver.java:244)
	at org.openqa.selenium.remote.RemoteWebDriver.<init>(RemoteWebDriver.java:110)
	at org.openqa.selenium.firefox.FirefoxDriver.<init>(FirefoxDriver.java:190)
	at org.openqa.selenium.firefox.FirefoxDriver.<init>(FirefoxDriver.java:183)
	at org.openqa.selenium.firefox.FirefoxDriver.<init>(FirefoxDriver.java:179)
	at org.openqa.selenium.firefox.FirefoxDriver.<init>(FirefoxDriver.java:92)
	at com.DataDriver_kuldeep.NewTours_NewRegistration.setup(NewTours_NewRegistration.java:13)
	at sun.reflect.NativeMethodAccessorImpl.invoke0(Native Method)
	at sun.reflect.NativeMethodAccessorImpl.invoke(Unknown Source)
	at sun.reflect.DelegatingMethodAccessorImpl.invoke(Unknown Source)
	at java.lang.reflect.Method.invoke(Unknown Source)
	at org.testng.internal.MethodInvocationHelper.invokeMethod(MethodInvocationHelper.java:80)
	at org.testng.internal.Invoker.invokeConfigurationMethod(Invoker.java:551)
	at org.testng.internal.Invoker.invokeConfigurations(Invoker.java:213)
	at org.testng.internal.Invoker.invokeConfigurations(Invoker.java:138)
	at org.testng.TestRunner.beforeRun(TestRunner.java:641)
	at org.testng.TestRunner.run(TestRunner.java:609)
	at org.testng.SuiteRunner.runTest(SuiteRunner.java:334)
	at org.testng.SuiteRunner.runSequentially(SuiteRunner.java:329)
	at org.testng.SuiteRunner.privateRun(SuiteRunner.java:291)
	at org.testng.SuiteRunner.run(SuiteRunner.java:240)
	at org.testng.SuiteRunnerWorker.runSuite(SuiteRunnerWorker.java:53)
	at org.testng.SuiteRunnerWorker.run(SuiteRunnerWorker.java:87)
	at org.testng.TestNG.runSuitesSequentially(TestNG.java:1188)
	at org.testng.TestNG.runSuitesLocally(TestNG.java:1113)
	at org.testng.TestNG.run(TestNG.java:1025)
	at org.testng.remote.AbstractRemoteTestNG.run(AbstractRemoteTestNG.java:114)
	at org.testng.remote.RemoteTestNG.initAndRun(RemoteTestNG.java:251)
	at org.testng.remote.RemoteTestNG.main(RemoteTestNG.java:77)
Caused by: org.openqa.selenium.firefox.NotConnectedException: Unable to connect to host 127.0.0.1 on port 7055 after 45000 ms. Firefox console output:
r
1542977452929	addons.manager	DEBUG	Starting provider: LightweightThemeManager
1542977452929	addons.manager	DEBUG	Registering shutdown blocker for LightweightThemeManager
1542977452929	addons.manager	DEBUG	Provider finished startup: LightweightThemeManager
1542977452930	addons.manager	DEBUG	Starting provider: GMPProvider
1542977452931	addons.manager	DEBUG	Registering shutdown blocker for GMPProvider
1542977452931	addons.manager	DEBUG	Provider finished startup: GMPProvider
1542977452931	addons.manager	DEBUG	Starting provider: PluginProvider
1542977452931	addons.manager	DEBUG	Registering shutdown blocker for PluginProvider
1542977452932	addons.manager	DEBUG	Provider finished startup: PluginProvider
1542977452935	addons.manager	DEBUG	Completed startup sequence
1542977454525	addons.xpi-utils	DEBUG	Starting async load of XPI database C:\Users\hp\AppData\Local\Temp\anonymous3336802449717300137webdriver-profile\extensions.json
1542977454551	addons.xpi	DEBUG	Ignoring file: name is not a valid add-on ID: C:\Users\hp\AppData\Local\Temp\anonymous3336802449717300137webdriver-profile\extensions\webdriver-staging
1542977454553	addons.xpi	DEBUG	Existing add-on aushelper@mozilla.org in app-system-defaults
1542977454553	addons.xpi	DEBUG	Existing add-on firefox@getpocket.com in app-system-defaults
1542977454553	addons.xpi	DEBUG	Existing add-on formautofill@mozilla.org in app-system-defaults
1542977454554	addons.xpi	DEBUG	Existing add-on onboarding@mozilla.org in app-system-defaults
1542977454554	addons.xpi	DEBUG	Existing add-on screenshots@mozilla.org in app-system-defaults
1542977454554	addons.xpi	DEBUG	Existing add-on webcompat-reporter@mozilla.org in app-system-defaults
1542977454554	addons.xpi	DEBUG	Existing add-on webcompat@mozilla.org in app-system-defaults
1542977454555	addons.xpi	DEBUG	scanForChanges changed: false, state: {}
1542977454629	addons.xpi-utils	DEBUG	Finished async read of XPI database, parsing...
*** Blocklist::_loadFileInternal: blocklist is disabled
1542977455080	addons.xpi-utils	DEBUG	Successfully read XPI database
1542977463538	addons.manager	DEBUG	Registering upgrade listener for formautofill@mozilla.org
1542977467525	addons.xpi	DEBUG	Calling bootstrap method shutdown on webcompat@mozilla.org version 2.0.1
1542977467525	addons.xpi	DEBUG	Calling bootstrap method shutdown on webcompat-reporter@mozilla.org version 1.0.0
1542977467526	addons.xpi	DEBUG	Calling bootstrap method shutdown on screenshots@mozilla.org version 33.0.0
1542977467534	addons.xpi	DEBUG	Calling bootstrap method shutdown on onboarding@mozilla.org version 1.0
1542977467535	addons.xpi	DEBUG	Calling bootstrap method shutdown on formautofill@mozilla.org version 1.0
1542977467551	addons.xpi	DEBUG	Calling bootstrap method shutdown on firefox@getpocket.com version 1.0.5
1542977467551	addons.xpi	DEBUG	Calling bootstrap method shutdown on aushelper@mozilla.org version 2.0
[Parent 5868, Gecko_IOThread] WARNING: pipe error: 109: file z:/build/build/src/ipc/chromium/src/chrome/common/ipc_channel_win.cc, line 346
[Parent 5868, Gecko_IOThread] WARNING: pipe error: 109: file z:/build/build/src/ipc/chromium/src/chrome/common/ipc_channel_win.cc, line 346
[Parent 5868, Gecko_IOThread] WARNING: pipe error: 109: file z:/build/build/src/ipc/chromium/src/chrome/common/ipc_channel_win.cc, line 346
1542977470548	addons.manager	DEBUG	shutdown
1542977470549	addons.manager	DEBUG	Calling shutdown blocker for XPIProvider
1542977470549	addons.xpi	DEBUG	shutdown
1542977470558	addons.xpi-utils	DEBUG	shutdown
1542977470559	addons.manager	DEBUG	Calling shutdown blocker for LightweightThemeManager
1542977470559	addons.manager	DEBUG	Calling shutdown blocker for GMPProvider
1542977470559	addons.manager	DEBUG	Calling shutdown blocker for PluginProvider
1542977470563	addons.manager	DEBUG	Async provider shutdown done
[GPU 11648, Chrome_ChildThread] WARNING: pipe error: 109: file z:/build/build/src/ipc/chromium/src/chrome/common/ipc_channel_win.cc, line 346

###!!! [Child][MessageChannel::SendAndWait] Error: Channel error: cannot send/recv


	at org.openqa.selenium.firefox.internal.NewProfileExtensionConnection.start(NewProfileExtensionConnection.java:106)
	... 29 more
]]>
    </failure>
  </testcase> <!-- registration -->
</testsuite> <!-- com.DataDriver_kuldeep.NewTours_NewRegistration -->
