<?xml version="1.0" encoding="UTF-8"?>
<!-- Generated by org.testng.reporters.JUnitReportReporter -->
<testsuite hostname="DESKTOP-UDR276I" name="com.TestNG_KulDeep.TestLogInGmail" tests="1" failures="0" timestamp="13 Nov 2017 07:14:58 GMT" time="0.900" errors="0">
  <testcase name="LogInTest" time="0.900" classname="com.TestNG_KulDeep.TestLogInGmail"/>
</testsuite> <!-- com.TestNG_KulDeep.TestLogInGmail -->
